# JRE version: OpenJDK Runtime Environment (8.0_76-b03) (build 1.8.0_76-release-b03)
# Java VM: OpenJDK 64-Bit Server VM (25.76-b03 mixed mode windows-amd64 compressed oops)
Heap:
 PSYoungGen      total 337920K, used 127150K [0x00000000e0000000, 0x00000000ff000000, 0x0000000100000000)
  eden space 254976K, 19% used [0x00000000e0000000,0x00000000e30850f0,0x00000000ef900000)
  from space 82944K, 93% used [0x00000000ef900000,0x00000000f44a6aa0,0x00000000f4a00000)
  to   space 94720K, 0% used [0x00000000f9380000,0x00000000f9380000,0x00000000ff000000)
 ParOldGen       total 147456K, used 100554K [0x00000000a0000000, 0x00000000a9000000, 0x00000000e0000000)
  object space 147456K, 68% used [0x00000000a0000000,0x00000000a6232aa0,0x00000000a9000000)
 Metaspace       used 71805K, capacity 73610K, committed 73856K, reserved 1114112K
  class space    used 8939K, capacity 9320K, committed 9344K, reserved 1048576K
GC Heap History (10 events):
Event: 65.547 GC heap before
{Heap before GC invocations=24 (full 3):
 PSYoungGen      total 197120K, used 197095K [0x00000000e0000000, 0x00000000efe00000, 0x0000000100000000)
  eden space 171008K, 100% used [0x00000000e0000000,0x00000000ea700000,0x00000000ea700000)
  from space 26112K, 99% used [0x00000000ec780000,0x00000000ee0f9f10,0x00000000ee100000)
  to   space 33280K, 0% used [0x00000000ea700000,0x00000000ea700000,0x00000000ec780000)
 ParOldGen       total 147456K, used 45607K [0x00000000a0000000, 0x00000000a9000000, 0x00000000e0000000)
  object space 147456K, 30% used [0x00000000a0000000,0x00000000a2c89f60,0x00000000a9000000)
 Metaspace       used 71509K, capacity 73290K, committed 73600K, reserved 1114112K
  class space    used 8936K, capacity 9320K, committed 9344K, reserved 1048576K
Event: 65.656 GC heap after
Heap after GC invocations=24 (full 3):
 PSYoungGen      total 204288K, used 33265K [0x00000000e0000000, 0x00000000f2980000, 0x0000000100000000)
  eden space 171008K, 0% used [0x00000000e0000000,0x00000000e0000000,0x00000000ea700000)
  from space 33280K, 99% used [0x00000000ea700000,0x00000000ec77c4e0,0x00000000ec780000)
  to   space 44544K, 0% used [0x00000000efe00000,0x00000000efe00000,0x00000000f2980000)
 ParOldGen       total 147456K, used 61912K [0x00000000a0000000, 0x00000000a9000000, 0x00000000e0000000)
  object space 147456K, 41% used [0x00000000a0000000,0x00000000a3c76138,0x00000000a9000000)
 Metaspace       used 71509K, capacity 73290K, committed 73600K, reserved 1114112K
  class space    used 8936K, capacity 9320K, committed 9344K, reserved 1048576K
}
Event: 66.256 GC heap before
{Heap before GC invocations=25 (full 3):
 PSYoungGen      total 204288K, used 204273K [0x00000000e0000000, 0x00000000f2980000, 0x0000000100000000)
  eden space 171008K, 100% used [0x00000000e0000000,0x00000000ea700000,0x00000000ea700000)
  from space 33280K, 99% used [0x00000000ea700000,0x00000000ec77c4e0,0x00000000ec780000)
  to   space 44544K, 0% used [0x00000000efe00000,0x00000000efe00000,0x00000000f2980000)
 ParOldGen       total 147456K, used 61912K [0x00000000a0000000, 0x00000000a9000000, 0x00000000e0000000)
  object space 147456K, 41% used [0x00000000a0000000,0x00000000a3c76138,0x00000000a9000000)
 Metaspace       used 71572K, capacity 73354K, committed 73600K, reserved 1114112K
  class space    used 8937K, capacity 9320K, committed 9344K, reserved 1048576K
Event: 66.400 GC heap after
Heap after GC invocations=25 (full 3):
 PSYoungGen      total 248832K, used 44538K [0x00000000e0000000, 0x00000000f4880000, 0x0000000100000000)
  eden space 204288K, 0% used [0x00000000e0000000,0x00000000e0000000,0x00000000ec780000)
  from space 44544K, 99% used [0x00000000efe00000,0x00000000f297e9b0,0x00000000f2980000)
  to   space 55808K, 0% used [0x00000000ec780000,0x00000000ec780000,0x00000000efe00000)
 ParOldGen       total 147456K, used 72834K [0x00000000a0000000, 0x00000000a9000000, 0x00000000e0000000)
  object space 147456K, 49% used [0x00000000a0000000,0x00000000a4720a20,0x00000000a9000000)
 Metaspace       used 71572K, capacity 73354K, committed 73600K, reserved 1114112K
  class space    used 8937K, capacity 9320K, committed 9344K, reserved 1048576K
}
Event: 67.607 GC heap before
{Heap before GC invocations=26 (full 3):
 PSYoungGen      total 248832K, used 248826K [0x00000000e0000000, 0x00000000f4880000, 0x0000000100000000)
  eden space 204288K, 100% used [0x00000000e0000000,0x00000000ec780000,0x00000000ec780000)
  from space 44544K, 99% used [0x00000000efe00000,0x00000000f297e9b0,0x00000000f2980000)
  to   space 55808K, 0% used [0x00000000ec780000,0x00000000ec780000,0x00000000efe00000)
 ParOldGen       total 147456K, used 72834K [0x00000000a0000000, 0x00000000a9000000, 0x00000000e0000000)
  object space 147456K, 49% used [0x00000000a0000000,0x00000000a4720a20,0x00000000a9000000)
 Metaspace       used 71724K, capacity 73546K, committed 73856K, reserved 1114112K
  class space    used 8938K, capacity 9320K, committed 9344K, reserved 1048576K
Event: 67.747 GC heap after
Heap after GC invocations=26 (full 3):
 PSYoungGen      total 260096K, used 55778K [0x00000000e0000000, 0x00000000f8c80000, 0x0000000100000000)
  eden space 204288K, 0% used [0x00000000e0000000,0x00000000e0000000,0x00000000ec780000)
  from space 55808K, 99% used [0x00000000ec780000,0x00000000efdf8990,0x00000000efe00000)
  to   space 68096K, 0% used [0x00000000f4a00000,0x00000000f4a00000,0x00000000f8c80000)
 ParOldGen       total 147456K, used 81204K [0x00000000a0000000, 0x00000000a9000000, 0x00000000e0000000)
  object space 147456K, 55% used [0x00000000a0000000,0x00000000a4f4d268,0x00000000a9000000)
 Metaspace       used 71724K, capacity 73546K, committed 73856K, reserved 1114112K
  class space    used 8938K, capacity 9320K, committed 9344K, reserved 1048576K
}
Event: 68.712 GC heap before
{Heap before GC invocations=27 (full 3):
 PSYoungGen      total 260096K, used 260066K [0x00000000e0000000, 0x00000000f8c80000, 0x0000000100000000)
  eden space 204288K, 100% used [0x00000000e0000000,0x00000000ec780000,0x00000000ec780000)
  from space 55808K, 99% used [0x00000000ec780000,0x00000000efdf8990,0x00000000efe00000)
  to   space 68096K, 0% used [0x00000000f4a00000,0x00000000f4a00000,0x00000000f8c80000)
 ParOldGen       total 147456K, used 81204K [0x00000000a0000000, 0x00000000a9000000, 0x00000000e0000000)
  object space 147456K, 55% used [0x00000000a0000000,0x00000000a4f4d268,0x00000000a9000000)
 Metaspace       used 71777K, capacity 73546K, committed 73856K, reserved 1114112K
  class space    used 8939K, capacity 9320K, committed 9344K, reserved 1048576K
Event: 68.921 GC heap after
Heap after GC invocations=27 (full 3):
 PSYoungGen      total 323072K, used 68081K [0x00000000e0000000, 0x00000000fac00000, 0x0000000100000000)
  eden space 254976K, 0% used [0x00000000e0000000,0x00000000e0000000,0x00000000ef900000)
  from space 68096K, 99% used [0x00000000f4a00000,0x00000000f8c7c508,0x00000000f8c80000)
  to   space 82944K, 0% used [0x00000000ef900000,0x00000000ef900000,0x00000000f4a00000)
 ParOldGen       total 147456K, used 89391K [0x00000000a0000000, 0x00000000a9000000, 0x00000000e0000000)
  object space 147456K, 60% used [0x00000000a0000000,0x00000000a574bfe0,0x00000000a9000000)
 Metaspace       used 71777K, capacity 73546K, committed 73856K, reserved 1114112K
  class space    used 8939K, capacity 9320K, committed 9344K, reserved 1048576K
}
Event: 71.687 GC heap before
{Heap before GC invocations=28 (full 3):
 PSYoungGen      total 323072K, used 323057K [0x00000000e0000000, 0x00000000fac00000, 0x0000000100000000)
  eden space 254976K, 100% used [0x00000000e0000000,0x00000000ef900000,0x00000000ef900000)
  from space 68096K, 99% used [0x00000000f4a00000,0x00000000f8c7c508,0x00000000f8c80000)
  to   space 82944K, 0% used [0x00000000ef900000,0x00000000ef900000,0x00000000f4a00000)
 ParOldGen       total 147456K, used 89391K [0x00000000a0000000, 0x00000000a9000000, 0x00000000e0000000)
  object space 147456K, 60% used [0x00000000a0000000,0x00000000a574bfe0,0x00000000a9000000)
 Metaspace       used 71799K, capacity 73610K, committed 73856K, reserved 1114112K
  class space    used 8939K, capacity 9320K, committed 9344K, reserved 1048576K
Event: 71.947 GC heap after
Heap after GC invocations=28 (full 3):
 PSYoungGen      total 337920K, used 77466K [0x00000000e0000000, 0x00000000ff000000, 0x0000000100000000)
  eden space 254976K, 0% used [0x00000000e0000000,0x00000000e0000000,0x00000000ef900000)
  from space 82944K, 93% used [0x00000000ef900000,0x00000000f44a6aa0,0x00000000f4a00000)
  to   space 94720K, 0% used [0x00000000f9380000,0x00000000f9380000,0x00000000ff000000)
 ParOldGen       total 147456K, used 100554K [0x00000000a0000000, 0x00000000a9000000, 0x00000000e0000000)
  object space 147456K, 68% used [0x00000000a0000000,0x00000000a6232aa0,0x00000000a9000000)
 Metaspace       used 71799K, capacity 73610K, committed 73856K, reserved 1114112K
  class space    used 8939K, capacity 9320K, committed 9344K, reserved 1048576K
}

