# JRE version: OpenJDK Runtime Environment (8.0_76-b03) (build 1.8.0_76-release-b03)
# Java VM: OpenJDK 64-Bit Server VM (25.76-b03 mixed mode windows-amd64 compressed oops)
Heap:
 PSYoungGen      total 59904K, used 9453K [0x00000000e0000000, 0x00000000e4800000, 0x0000000100000000)
  eden space 49664K, 19% used [0x00000000e0000000,0x00000000e093b710,0x00000000e3080000)
  from space 10240K, 0% used [0x00000000e3b00000,0x00000000e3b00000,0x00000000e4500000)
  to   space 10752K, 0% used [0x00000000e3080000,0x00000000e3080000,0x00000000e3b00000)
 ParOldGen       total 113664K, used 14479K [0x00000000a0000000, 0x00000000a6f00000, 0x00000000e0000000)
  object space 113664K, 12% used [0x00000000a0000000,0x00000000a0e23d00,0x00000000a6f00000)
 Metaspace       used 35011K, capacity 35770K, committed 36096K, reserved 1081344K
  class space    used 4625K, capacity 4783K, committed 4864K, reserved 1048576K
GC Heap History (10 events):
Event: 14.208 GC heap before
{Heap before GC invocations=8 (full 1):
 PSYoungGen      total 49152K, used 44608K [0x00000000e0000000, 0x00000000e3a80000, 0x0000000100000000)
  eden space 39424K, 100% used [0x00000000e0000000,0x00000000e2680000,0x00000000e2680000)
  from space 9728K, 53% used [0x00000000e3100000,0x00000000e3610200,0x00000000e3a80000)
  to   space 10240K, 0% used [0x00000000e2680000,0x00000000e2680000,0x00000000e3080000)
 ParOldGen       total 73728K, used 9084K [0x00000000a0000000, 0x00000000a4800000, 0x00000000e0000000)
  object space 73728K, 12% used [0x00000000a0000000,0x00000000a08df380,0x00000000a4800000)
 Metaspace       used 29128K, capacity 29644K, committed 29952K, reserved 1075200K
  class space    used 3944K, capacity 4083K, committed 4096K, reserved 1048576K
Event: 14.231 GC heap after
Heap after GC invocations=8 (full 1):
 PSYoungGen      total 49664K, used 5898K [0x00000000e0000000, 0x00000000e4080000, 0x0000000100000000)
  eden space 39424K, 0% used [0x00000000e0000000,0x00000000e0000000,0x00000000e2680000)
  from space 10240K, 57% used [0x00000000e2680000,0x00000000e2c42900,0x00000000e3080000)
  to   space 9728K, 0% used [0x00000000e3700000,0x00000000e3700000,0x00000000e4080000)
 ParOldGen       total 73728K, used 9084K [0x00000000a0000000, 0x00000000a4800000, 0x00000000e0000000)
  object space 73728K, 12% used [0x00000000a0000000,0x00000000a08df380,0x00000000a4800000)
 Metaspace       used 29128K, capacity 29644K, committed 29952K, reserved 1075200K
  class space    used 3944K, capacity 4083K, committed 4096K, reserved 1048576K
}
Event: 49.915 GC heap before
{Heap before GC invocations=9 (full 1):
 PSYoungGen      total 49664K, used 45322K [0x00000000e0000000, 0x00000000e4080000, 0x0000000100000000)
  eden space 39424K, 100% used [0x00000000e0000000,0x00000000e2680000,0x00000000e2680000)
  from space 10240K, 57% used [0x00000000e2680000,0x00000000e2c42900,0x00000000e3080000)
  to   space 9728K, 0% used [0x00000000e3700000,0x00000000e3700000,0x00000000e4080000)
 ParOldGen       total 73728K, used 9084K [0x00000000a0000000, 0x00000000a4800000, 0x00000000e0000000)
  object space 73728K, 12% used [0x00000000a0000000,0x00000000a08df380,0x00000000a4800000)
 Metaspace       used 30441K, capacity 31044K, committed 31232K, reserved 1077248K
  class space    used 4102K, capacity 4248K, committed 4352K, reserved 1048576K
Event: 49.949 GC heap after
Heap after GC invocations=9 (full 1):
 PSYoungGen      total 53248K, used 6666K [0x00000000e0000000, 0x00000000e3f00000, 0x0000000100000000)
  eden space 45056K, 0% used [0x00000000e0000000,0x00000000e0000000,0x00000000e2c00000)
  from space 8192K, 81% used [0x00000000e3700000,0x00000000e3d82970,0x00000000e3f00000)
  to   space 9728K, 0% used [0x00000000e2c00000,0x00000000e2c00000,0x00000000e3580000)
 ParOldGen       total 73728K, used 9092K [0x00000000a0000000, 0x00000000a4800000, 0x00000000e0000000)
  object space 73728K, 12% used [0x00000000a0000000,0x00000000a08e1380,0x00000000a4800000)
 Metaspace       used 30441K, capacity 31044K, committed 31232K, reserved 1077248K
  class space    used 4102K, capacity 4248K, committed 4352K, reserved 1048576K
}
Event: 51.819 GC heap before
{Heap before GC invocations=10 (full 1):
 PSYoungGen      total 53248K, used 51722K [0x00000000e0000000, 0x00000000e3f00000, 0x0000000100000000)
  eden space 45056K, 100% used [0x00000000e0000000,0x00000000e2c00000,0x00000000e2c00000)
  from space 8192K, 81% used [0x00000000e3700000,0x00000000e3d82970,0x00000000e3f00000)
  to   space 9728K, 0% used [0x00000000e2c00000,0x00000000e2c00000,0x00000000e3580000)
 ParOldGen       total 73728K, used 9092K [0x00000000a0000000, 0x00000000a4800000, 0x00000000e0000000)
  object space 73728K, 12% used [0x00000000a0000000,0x00000000a08e1380,0x00000000a4800000)
 Metaspace       used 32892K, capacity 33608K, committed 33792K, reserved 1079296K
  class space    used 4385K, capacity 4574K, committed 4608K, reserved 1048576K
Event: 51.862 GC heap after
Heap after GC invocations=10 (full 1):
 PSYoungGen      total 54784K, used 8400K [0x00000000e0000000, 0x00000000e4500000, 0x0000000100000000)
  eden space 45056K, 0% used [0x00000000e0000000,0x00000000e0000000,0x00000000e2c00000)
  from space 9728K, 86% used [0x00000000e2c00000,0x00000000e34343b0,0x00000000e3580000)
  to   space 10240K, 0% used [0x00000000e3b00000,0x00000000e3b00000,0x00000000e4500000)
 ParOldGen       total 73728K, used 9092K [0x00000000a0000000, 0x00000000a4800000, 0x00000000e0000000)
  object space 73728K, 12% used [0x00000000a0000000,0x00000000a08e1380,0x00000000a4800000)
 Metaspace       used 32892K, capacity 33608K, committed 33792K, reserved 1079296K
  class space    used 4385K, capacity 4574K, committed 4608K, reserved 1048576K
}
Event: 52.459 GC heap before
{Heap before GC invocations=11 (full 1):
 PSYoungGen      total 54784K, used 22823K [0x00000000e0000000, 0x00000000e4500000, 0x0000000100000000)
  eden space 45056K, 32% used [0x00000000e0000000,0x00000000e0e15960,0x00000000e2c00000)
  from space 9728K, 86% used [0x00000000e2c00000,0x00000000e34343b0,0x00000000e3580000)
  to   space 10240K, 0% used [0x00000000e3b00000,0x00000000e3b00000,0x00000000e4500000)
 ParOldGen       total 73728K, used 9092K [0x00000000a0000000, 0x00000000a4800000, 0x00000000e0000000)
  object space 73728K, 12% used [0x00000000a0000000,0x00000000a08e1380,0x00000000a4800000)
 Metaspace       used 34723K, capacity 35386K, committed 35496K, reserved 1079296K
  class space    used 4608K, capacity 4783K, committed 4864K, reserved 1048576K
Event: 52.483 GC heap after
Heap after GC invocations=11 (full 1):
 PSYoungGen      total 59904K, used 8652K [0x00000000e0000000, 0x00000000e4800000, 0x0000000100000000)
  eden space 49664K, 0% used [0x00000000e0000000,0x00000000e0000000,0x00000000e3080000)
  from space 10240K, 84% used [0x00000000e3b00000,0x00000000e43730d0,0x00000000e4500000)
  to   space 10752K, 0% used [0x00000000e3080000,0x00000000e3080000,0x00000000e3b00000)
 ParOldGen       total 73728K, used 9164K [0x00000000a0000000, 0x00000000a4800000, 0x00000000e0000000)
  object space 73728K, 12% used [0x00000000a0000000,0x00000000a08f3390,0x00000000a4800000)
 Metaspace       used 34723K, capacity 35386K, committed 35496K, reserved 1079296K
  class space    used 4608K, capacity 4783K, committed 4864K, reserved 1048576K
}
Event: 52.483 GC heap before
{Heap before GC invocations=12 (full 2):
 PSYoungGen      total 59904K, used 8652K [0x00000000e0000000, 0x00000000e4800000, 0x0000000100000000)
  eden space 49664K, 0% used [0x00000000e0000000,0x00000000e0000000,0x00000000e3080000)
  from space 10240K, 84% used [0x00000000e3b00000,0x00000000e43730d0,0x00000000e4500000)
  to   space 10752K, 0% used [0x00000000e3080000,0x00000000e3080000,0x00000000e3b00000)
 ParOldGen       total 73728K, used 9164K [0x00000000a0000000, 0x00000000a4800000, 0x00000000e0000000)
  object space 73728K, 12% used [0x00000000a0000000,0x00000000a08f3390,0x00000000a4800000)
 Metaspace       used 34723K, capacity 35386K, committed 35496K, reserved 1079296K
  class space    used 4608K, capacity 4783K, committed 4864K, reserved 1048576K
Event: 52.637 GC heap after
Heap after GC invocations=12 (full 2):
 PSYoungGen      total 59904K, used 0K [0x00000000e0000000, 0x00000000e4800000, 0x0000000100000000)
  eden space 49664K, 0% used [0x00000000e0000000,0x00000000e0000000,0x00000000e3080000)
  from space 10240K, 0% used [0x00000000e3b00000,0x00000000e3b00000,0x00000000e4500000)
  to   space 10752K, 0% used [0x00000000e3080000,0x00000000e3080000,0x00000000e3b00000)
 ParOldGen       total 113664K, used 14479K [0x00000000a0000000, 0x00000000a6f00000, 0x00000000e0000000)
  object space 113664K, 12% used [0x00000000a0000000,0x00000000a0e23d00,0x00000000a6f00000)
 Metaspace       used 34723K, capacity 35386K, committed 35496K, reserved 1079296K
  class space    used 4608K, capacity 4783K, committed 4864K, reserved 1048576K
}

